[06:34:30] [main/INFO]: Reloading ResourceManager: Default, bukkit
[06:34:30] [Worker-Main-1/INFO]: Loaded 7 recipes
[06:34:32] [Server thread/INFO]: Starting minecraft server version 1.16.4
[06:34:32] [Server thread/INFO]: Loading properties
[06:34:32] [Server thread/INFO]: This server is running Paper version git-Paper-294 (MC: 1.16.4) (Implementing API version 1.16.4-R0.1-SNAPSHOT)
[06:34:32] [Server thread/INFO]: Server Ping Player Sample Count: 12
[06:34:32] [Server thread/INFO]: Using 4 threads for Netty based IO
[06:34:32] [Server thread/INFO]: Debug logging is disabled
[06:34:32] [Server thread/INFO]: Default game type: SURVIVAL
[06:34:32] [Server thread/INFO]: Generating keypair
[06:34:32] [Server thread/INFO]: Starting Minecraft server on 0.0.0.0:25565
[06:34:32] [Server thread/INFO]: Using default channel type
[06:34:33] [Server thread/INFO]: [SetTheSpawn] Loading SetTheSpawn v2.6.6
[06:34:33] [Server thread/INFO]: [Timber] Loading Timber v1.0.9
[06:34:33] [Server thread/INFO]: [SimpleHealthbars2] Loading SimpleHealthbars2 v0.2.0
[06:34:33] [Server thread/INFO]: [PlaceholderAPI] Loading PlaceholderAPI v2.10.9
[06:34:33] [Server thread/INFO]: [PetMaster] Loading PetMaster v1.12.0
[06:34:33] [Server thread/INFO]: [ChatColor2] Loading ChatColor2 v1.10.3
[06:34:33] [Server thread/INFO]: [TabList] Loading TabList v5.5.0
[06:34:33] [Server thread/INFO]: [AdvancedAchievements] Loading AdvancedAchievements v6.2.1
[06:34:33] [Server thread/INFO]: Server permissions file permissions.yml is empty, ignoring it
[06:34:33] [Server thread/WARN]: **** SERVER IS RUNNING IN OFFLINE/INSECURE MODE!
[06:34:33] [Server thread/WARN]: The server will make no attempt to authenticate usernames. Beware.
[06:34:33] [Server thread/WARN]: While this makes the game possible to play without internet access, it also opens up the ability for hackers to connect with any username they choose.
[06:34:33] [Server thread/WARN]: To change this, set "online-mode" to "true" in the server.properties file.
[06:34:33] [Server thread/INFO]: Preparing level "world"
[06:34:33] [Server thread/INFO]: -------- World Settings For [world] --------
[06:34:33] [Server thread/INFO]: Experience Merge Radius: 3.0
[06:34:33] [Server thread/INFO]: Cactus Growth Modifier: 100%
[06:34:33] [Server thread/INFO]: Cane Growth Modifier: 100%
[06:34:33] [Server thread/INFO]: Melon Growth Modifier: 100%
[06:34:33] [Server thread/INFO]: Mushroom Growth Modifier: 100%
[06:34:33] [Server thread/INFO]: Pumpkin Growth Modifier: 100%
[06:34:33] [Server thread/INFO]: Sapling Growth Modifier: 100%
[06:34:33] [Server thread/INFO]: Beetroot Growth Modifier: 100%
[06:34:33] [Server thread/INFO]: Carrot Growth Modifier: 100%
[06:34:33] [Server thread/INFO]: Potato Growth Modifier: 100%
[06:34:33] [Server thread/INFO]: Wheat Growth Modifier: 100%
[06:34:33] [Server thread/INFO]: NetherWart Growth Modifier: 100%
[06:34:33] [Server thread/INFO]: Vine Growth Modifier: 100%
[06:34:33] [Server thread/INFO]: Cocoa Growth Modifier: 100%
[06:34:33] [Server thread/INFO]: Bamboo Growth Modifier: 100%
[06:34:33] [Server thread/INFO]: SweetBerry Growth Modifier: 100%
[06:34:33] [Server thread/INFO]: Kelp Growth Modifier: 100%
[06:34:33] [Server thread/INFO]: Entity Activation Range: An 32 / Mo 32 / Ra 48 / Mi 16 / Tiv true
[06:34:33] [Server thread/INFO]: Hopper Transfer: 8 Hopper Check: 1 Hopper Amount: 1
[06:34:33] [Server thread/INFO]: Custom Map Seeds:  Village: 10387312 Desert: 14357617 Igloo: 14357618 Jungle: 14357619 Swamp: 14357620 Monument: 10387313 Ocean: 14357621 Shipwreck: 165745295 End City: 10387313 Slime: 987234911 Bastion: 30084232 Fortress: 30084232 Mansion: 10387319 Fossil: 14357921 Portal: 34222645
[06:34:33] [Server thread/INFO]: Max TNT Explosions: 100
[06:34:33] [Server thread/INFO]: Tile Max Tick Time: 50ms Entity max Tick Time: 50ms
[06:34:33] [Server thread/INFO]: Entity Tracking Range: Pl 48 / An 48 / Mo 48 / Mi 32 / Other 64
[06:34:33] [Server thread/INFO]: Allow Zombie Pigmen to spawn from portal blocks: true
[06:34:33] [Server thread/INFO]: Item Merge Radius: 2.5
[06:34:33] [Server thread/INFO]: Item Despawn Rate: 6000
[06:34:33] [Server thread/INFO]: View Distance: 10
[06:34:33] [Server thread/INFO]: Arrow Despawn Rate: 1200 Trident Respawn Rate:1200
[06:34:33] [Server thread/INFO]: Zombie Aggressive Towards Villager: true
[06:34:33] [Server thread/INFO]: Nerfing mobs spawned from spawners: false
[06:34:33] [Server thread/INFO]: Mob Spawn Range: 8
[06:34:33] [Server thread/INFO]: -------- World Settings For [world_nether] --------
[06:34:33] [Server thread/INFO]: Experience Merge Radius: 3.0
[06:34:33] [Server thread/INFO]: Cactus Growth Modifier: 100%
[06:34:33] [Server thread/INFO]: Cane Growth Modifier: 100%
[06:34:33] [Server thread/INFO]: Melon Growth Modifier: 100%
[06:34:33] [Server thread/INFO]: Mushroom Growth Modifier: 100%
[06:34:33] [Server thread/INFO]: Pumpkin Growth Modifier: 100%
[06:34:33] [Server thread/INFO]: Sapling Growth Modifier: 100%
[06:34:33] [Server thread/INFO]: Beetroot Growth Modifier: 100%
[06:34:33] [Server thread/INFO]: Carrot Growth Modifier: 100%
[06:34:33] [Server thread/INFO]: Potato Growth Modifier: 100%
[06:34:33] [Server thread/INFO]: Wheat Growth Modifier: 100%
[06:34:33] [Server thread/INFO]: NetherWart Growth Modifier: 100%
[06:34:33] [Server thread/INFO]: Vine Growth Modifier: 100%
[06:34:33] [Server thread/INFO]: Cocoa Growth Modifier: 100%
[06:34:33] [Server thread/INFO]: Bamboo Growth Modifier: 100%
[06:34:33] [Server thread/INFO]: SweetBerry Growth Modifier: 100%
[06:34:33] [Server thread/INFO]: Kelp Growth Modifier: 100%
[06:34:33] [Server thread/INFO]: Entity Activation Range: An 32 / Mo 32 / Ra 48 / Mi 16 / Tiv true
[06:34:33] [Server thread/INFO]: Hopper Transfer: 8 Hopper Check: 1 Hopper Amount: 1
[06:34:33] [Server thread/INFO]: Custom Map Seeds:  Village: 10387312 Desert: 14357617 Igloo: 14357618 Jungle: 14357619 Swamp: 14357620 Monument: 10387313 Ocean: 14357621 Shipwreck: 165745295 End City: 10387313 Slime: 987234911 Bastion: 30084232 Fortress: 30084232 Mansion: 10387319 Fossil: 14357921 Portal: 34222645
[06:34:33] [Server thread/INFO]: Max TNT Explosions: 100
[06:34:33] [Server thread/INFO]: Tile Max Tick Time: 50ms Entity max Tick Time: 50ms
[06:34:33] [Server thread/INFO]: Entity Tracking Range: Pl 48 / An 48 / Mo 48 / Mi 32 / Other 64
[06:34:33] [Server thread/INFO]: Allow Zombie Pigmen to spawn from portal blocks: true
[06:34:33] [Server thread/INFO]: Item Merge Radius: 2.5
[06:34:33] [Server thread/INFO]: Item Despawn Rate: 6000
[06:34:33] [Server thread/INFO]: View Distance: 10
[06:34:33] [Server thread/INFO]: Arrow Despawn Rate: 1200 Trident Respawn Rate:1200
[06:34:33] [Server thread/INFO]: Zombie Aggressive Towards Villager: true
[06:34:33] [Server thread/INFO]: Nerfing mobs spawned from spawners: false
[06:34:33] [Server thread/INFO]: Mob Spawn Range: 8
[06:34:33] [Server thread/INFO]: -------- World Settings For [world_the_end] --------
[06:34:33] [Server thread/INFO]: Experience Merge Radius: 3.0
[06:34:33] [Server thread/INFO]: Cactus Growth Modifier: 100%
[06:34:33] [Server thread/INFO]: Cane Growth Modifier: 100%
[06:34:33] [Server thread/INFO]: Melon Growth Modifier: 100%
[06:34:33] [Server thread/INFO]: Mushroom Growth Modifier: 100%
[06:34:33] [Server thread/INFO]: Pumpkin Growth Modifier: 100%
[06:34:33] [Server thread/INFO]: Sapling Growth Modifier: 100%
[06:34:33] [Server thread/INFO]: Beetroot Growth Modifier: 100%
[06:34:33] [Server thread/INFO]: Carrot Growth Modifier: 100%
[06:34:33] [Server thread/INFO]: Potato Growth Modifier: 100%
[06:34:33] [Server thread/INFO]: Wheat Growth Modifier: 100%
[06:34:33] [Server thread/INFO]: NetherWart Growth Modifier: 100%
[06:34:33] [Server thread/INFO]: Vine Growth Modifier: 100%
[06:34:33] [Server thread/INFO]: Cocoa Growth Modifier: 100%
[06:34:33] [Server thread/INFO]: Bamboo Growth Modifier: 100%
[06:34:33] [Server thread/INFO]: SweetBerry Growth Modifier: 100%
[06:34:33] [Server thread/INFO]: Kelp Growth Modifier: 100%
[06:34:33] [Server thread/INFO]: Entity Activation Range: An 32 / Mo 32 / Ra 48 / Mi 16 / Tiv true
[06:34:33] [Server thread/INFO]: Hopper Transfer: 8 Hopper Check: 1 Hopper Amount: 1
[06:34:33] [Server thread/INFO]: Custom Map Seeds:  Village: 10387312 Desert: 14357617 Igloo: 14357618 Jungle: 14357619 Swamp: 14357620 Monument: 10387313 Ocean: 14357621 Shipwreck: 165745295 End City: 10387313 Slime: 987234911 Bastion: 30084232 Fortress: 30084232 Mansion: 10387319 Fossil: 14357921 Portal: 34222645
[06:34:33] [Server thread/INFO]: Max TNT Explosions: 100
[06:34:33] [Server thread/INFO]: Tile Max Tick Time: 50ms Entity max Tick Time: 50ms
[06:34:33] [Server thread/INFO]: Entity Tracking Range: Pl 48 / An 48 / Mo 48 / Mi 32 / Other 64
[06:34:33] [Server thread/INFO]: Allow Zombie Pigmen to spawn from portal blocks: true
[06:34:33] [Server thread/INFO]: Item Merge Radius: 2.5
[06:34:33] [Server thread/INFO]: Item Despawn Rate: 6000
[06:34:33] [Server thread/INFO]: View Distance: 10
[06:34:33] [Server thread/INFO]: Arrow Despawn Rate: 1200 Trident Respawn Rate:1200
[06:34:33] [Server thread/INFO]: Zombie Aggressive Towards Villager: true
[06:34:33] [Server thread/INFO]: Nerfing mobs spawned from spawners: false
[06:34:33] [Server thread/INFO]: Mob Spawn Range: 8
[06:34:33] [Server thread/INFO]: Preparing start region for dimension minecraft:overworld
[06:34:34] [Server thread/INFO]: Loaded 0 spawn chunks for world world
[06:34:34] [Server thread/INFO]: Preparing spawn area: 0%
[06:34:34] [Server thread/INFO]: Preparing spawn area: 0%
[06:34:34] [Server thread/INFO]: Time elapsed: 612 ms
[06:34:34] [Server thread/INFO]: Preparing start region for dimension minecraft:the_nether
[06:34:34] [Server thread/INFO]: Loaded 0 spawn chunks for world world_nether
[06:34:35] [Server thread/INFO]: Time elapsed: 742 ms
[06:34:35] [Server thread/INFO]: Preparing start region for dimension minecraft:the_end
[06:34:35] [Server thread/INFO]: Loaded 0 spawn chunks for world world_the_end
[06:34:35] [Server thread/INFO]: Time elapsed: 186 ms
[06:34:35] [Server thread/INFO]: [SetTheSpawn] Enabling SetTheSpawn v2.6.6
[06:34:35] [Server thread/INFO]: [SetTheSpawn] > The plugin successfully enabled v2.6.6! (444ms)
[06:34:35] [Server thread/INFO]: [Timber] Enabling Timber v1.0.9
[06:34:35] [Server thread/INFO]: Timber Log Materials: [ACACIA_LOG, JUNGLE_LOG, OAK_LOG, DARK_OAK_LOG, BIRCH_LOG, SPRUCE_LOG]
[06:34:35] [Server thread/INFO]: Timber Axe Materials: [WOODEN_AXE, DIAMOND_AXE, NETHERITE_AXE, IRON_AXE, GOLDEN_AXE, STONE_AXE]
[06:34:35] [Server thread/INFO]: [SimpleHealthbars2] Enabling SimpleHealthbars2 v0.2.0
[06:34:35] [Server thread/INFO]: [SimpleHealthbars2] SimpleHealthbars2 version 0.2.0 enabled!
[06:34:35] [Server thread/INFO]: [PlaceholderAPI] Enabling PlaceholderAPI v2.10.9
[06:34:35] [Server thread/INFO]: [PlaceholderAPI] Fetching available expansion information...
[06:34:35] [Server thread/INFO]: [PetMaster] Enabling PetMaster v1.12.0
[06:34:35] [Server thread/INFO]: [PetMaster] Registering listeners...
[06:34:35] [Server thread/INFO]: [PetMaster] Backing up and loading configuration files...
[06:34:36] [Thread-12/INFO]: [PetMaster] Checking for plugin update...
[06:34:36] [Server thread/INFO]: [PetMaster] Plugin enabled and ready to run! Took 77ms.
[06:34:36] [Server thread/INFO]: [ChatColor2] Enabling ChatColor2 v1.10.3
[06:34:36] [Server thread/INFO]: [ChatColor] ChatColor 2 Version 1.10.3 has been enabled.
[06:34:36] [Server thread/INFO]: [ChatColor] Current update: Small bug fixes :)
[06:34:36] [Server thread/INFO]: [PlaceholderAPI] Successfully registered expansion: cc
[06:34:36] [Server thread/INFO]: [ChatColor] PlaceholderAPI has been hooked.
[06:34:36] [Server thread/INFO]: [ChatColor] Metrics is enabled for this plugin. Stats sent to https://bstats.org/plugin/bukkit/ChatColor2
[06:34:36] [Server thread/INFO]: [TabList] Enabling TabList v5.5.0
[06:34:36] [Server thread/INFO]: [TabList] Hooked PlaceholderAPI version: 2.10.9
[06:34:36] [Server thread/INFO]: [TabList] > The plugin successfully enabled v5.5.0! (185ms)
[06:34:36] [Server thread/INFO]: [AdvancedAchievements] Enabling AdvancedAchievements v6.2.1
[06:34:36] [Server thread/INFO]: [AdvancedAchievements] Loading and backing up configuration files...
[06:34:37] [Server thread/INFO]: [AdvancedAchievements] Loaded 60 achievements in 50 categories.
[06:34:37] [Server thread/INFO]: [AdvancedAchievements] 1 disabled category: [AdvancementsCompleted]
[06:34:37] [Server thread/INFO]: [AdvancedAchievements] Registering event listeners...
[06:34:37] [Server thread/INFO]: [AdvancedAchievements] Initialising database...
[06:34:37] [Server thread/INFO]: [AdvancedAchievements] Backing up database file...
[06:34:37] [Thread-12/WARN]: [PetMaster] Update available: v1.12.1! Download at spigotmc.org/resources/pet-master.15904
[06:34:37] [Thread-9/INFO]: New version (2.6.7) is available at https://www.spigotmc.org/resources/48992/
[06:34:37] [Server thread/INFO]: [AdvancedAchievements] Setting up command executor and custom tab completers...
[06:34:37] [Server thread/INFO]: [AdvancedAchievements] Launching scheduled tasks...
[06:34:37] [Server thread/INFO]: [AdvancedAchievements] Registering permissions...
[06:34:37] [Thread-17/INFO]: [AdvancedAchievements] Checking for plugin update...
[06:34:37] [Server thread/INFO]: [PlaceholderAPI] Successfully registered expansion: aach
[06:34:37] [Server thread/INFO]: [AdvancedAchievements] Plugin has finished loading and is ready to run! Took 1237ms.
[06:34:37] [Server thread/INFO]: [PlaceholderAPI] Placeholder expansion registration initializing...
[06:34:37] [Server thread/INFO]: Starting GS4 status listener
[06:34:37] [Server thread/INFO]: Thread Query Listener started
[06:34:37] [Query Listener #1/INFO]: Query running on 0.0.0.0:25565
[06:34:37] [Server thread/INFO]: Running delayed init tasks
[06:34:37] [Server thread/INFO]: No expansions were registered!
[06:34:37] [Server thread/INFO]: Done (5.483s)! For help, type "help"
[06:34:37] [Server thread/INFO]: Timings Reset
[06:34:37] [Thread-17/WARN]: [AdvancedAchievements] Update available: v6.7.2! Download at spigotmc.org/resources/advanced-achievements.83466
[07:00:02] [Server thread/INFO]: Automatic saving is now disabled
[07:00:03] [Server thread/INFO]: Saving the game (this may take a moment!)
[07:00:03] [Server thread/INFO]: Saved the game
[07:00:13] [Server thread/INFO]: Automatic saving is now enabled
[07:30:02] [Server thread/INFO]: Automatic saving is now disabled
[07:30:03] [Server thread/INFO]: Saving the game (this may take a moment!)
[07:30:03] [Server thread/INFO]: Saved the game
[07:30:13] [Server thread/INFO]: Automatic saving is now enabled
[08:00:02] [Server thread/INFO]: Automatic saving is now disabled
[08:00:03] [Server thread/INFO]: Saving the game (this may take a moment!)
[08:00:03] [Server thread/INFO]: Saved the game
[08:00:13] [Server thread/INFO]: Automatic saving is now enabled
[08:30:02] [Server thread/INFO]: Automatic saving is now disabled
[08:30:03] [Server thread/INFO]: Saving the game (this may take a moment!)
[08:30:03] [Server thread/INFO]: Saved the game
[08:30:13] [Server thread/INFO]: Automatic saving is now enabled
[08:41:51] [Server thread/INFO]: [Server] SERVER SHUTTING DOWN IN 10 SECONDS!
[08:42:01] [Server thread/INFO]: Saving the game (this may take a moment!)
[08:42:01] [Server thread/INFO]: Saved the game
[08:42:11] [Server thread/INFO]: Stopping the server
[08:42:11] [Server thread/INFO]: Stopping server
[08:42:11] [Server thread/INFO]: [AdvancedAchievements] Disabling AdvancedAchievements v6.2.1
[08:42:12] [Server thread/INFO]: [AdvancedAchievements] Remaining requests sent to the database, plugin successfully disabled.
[08:42:12] [Server thread/INFO]: [TabList] Disabling TabList v5.5.0
[08:42:12] [Server thread/INFO]: [ChatColor2] Disabling ChatColor2 v1.10.3
[08:42:12] [Server thread/INFO]: [ChatColor] ChatColor 2 Version 1.10.3 has been disabled.
[08:42:12] [Server thread/INFO]: [PetMaster] Disabling PetMaster v1.12.0
[08:42:12] [Server thread/INFO]: [PetMaster] PetMaster has been disabled.
[08:42:12] [Server thread/INFO]: [PlaceholderAPI] Disabling PlaceholderAPI v2.10.9
[08:42:12] [Server thread/INFO]: [SimpleHealthbars2] Disabling SimpleHealthbars2 v0.2.0
[08:42:12] [Server thread/INFO]: [SimpleHealthbars2] SimpleHealthbars2 disabled.
[08:42:12] [Server thread/INFO]: [Timber] Disabling Timber v1.0.9
[08:42:12] [Server thread/INFO]: [SetTheSpawn] Disabling SetTheSpawn v2.6.6
[08:42:12] [Server thread/INFO]: Saving players
[08:42:12] [Server thread/INFO]: Saving worlds
[08:42:12] [Server thread/INFO]: Saving chunks for level 'ServerLevel[world]'/minecraft:overworld
[08:42:12] [Server thread/INFO]: ThreadedAnvilChunkStorage (world): All chunks are saved
[08:42:12] [Server thread/INFO]: Saving chunks for level 'ServerLevel[world_nether]'/minecraft:the_nether
[08:42:12] [Server thread/INFO]: ThreadedAnvilChunkStorage (DIM-1): All chunks are saved
[08:42:12] [Server thread/INFO]: Saving chunks for level 'ServerLevel[world_the_end]'/minecraft:the_end
[08:42:12] [Server thread/INFO]: ThreadedAnvilChunkStorage (DIM1): All chunks are saved
[08:42:12] [Server thread/INFO]: ThreadedAnvilChunkStorage (world): All chunks are saved
[08:42:12] [Server thread/INFO]: ThreadedAnvilChunkStorage (DIM-1): All chunks are saved
[08:42:12] [Server thread/INFO]: ThreadedAnvilChunkStorage (DIM1): All chunks are saved
[08:42:12] [Server thread/INFO]: Flushing Chunk IO
[08:42:12] [Server thread/INFO]: Closing Thread Pool
[08:42:12] [Server thread/INFO]: Closing Server
